Arguments: 
  /usr/local/bin/node /Users/rise360/.node/corepack/yarn/1.22.15/bin/yarn.js init

PATH: 
  /Users/rise360/Documents/GitHub:/Library/Frameworks/Python.framework/Versions/3.10/bin:/usr/local/bin:/usr/bin:/bin:/usr/sbin:/sbin:/Users/rise360/Documents/GitHub:/Library/Frameworks/Python.framework/Versions/3.10/bin

Yarn version: 
  1.22.15

Node version: 
  16.13.1

Platform: 
  darwin x64

Trace: 
  Error: canceled
      at Interface.<anonymous> (/Users/rise360/.node/corepack/yarn/1.22.15/lib/cli.js:137145:13)
      at Interface.emit (node:events:390:28)
      at Interface._ttyWrite (node:readline:1081:16)
      at ReadStream.onkeypress (node:readline:288:10)
      at ReadStream.emit (node:events:390:28)
      at emitKeys (node:internal/readline/utils:358:14)
      at emitKeys.next (<anonymous>)
      at ReadStream.onData (node:internal/readline/emitKeypressEvents:61:36)
      at ReadStream.emit (node:events:390:28)
      at addChunk (node:internal/streams/readable:315:12)

npm manifest: 
  {
    "name": "2.-natours-project",
    "version": "1.0.0",
    "description": "Landing page for Natours",
    "main": "src/index.js",
    "scripts": {
      "build": "webpack",
      "build:watch": "webpack --watch",
      "postcss": "postcss build/main.css -o build/post-main.css --watch",
      "start": "node index.js",
      "build:sass": "sass src/sass/main.scss build/main.css --embed-sources",
      "prefix": "npm run build:sass && postcss build/main.css --use=autoprefixer --output=build/post-main.css",
      "dev": "onchange \"src/sass/**/*.scss\" -- npm run prefix",
      "live": "live-server --watch=./build/post-main.css --no-css-inject",
      "compileSass": "sass --watch src/sass/main.scss build/main.css --embed-sources",
      "test": "echo \"Error: no test specified\" && exit 1",
      "critical": "node critical-css.js"
    },
    "author": "kktr",
    "license": "ISC",
    "dependencies": {
      "autoprefixer": "^10.4.2",
      "clean-webpack-plugin": "^4.0.0",
      "sass": "^1.48.0"
    },
    "devDependencies": {
      "critical-css-parser": "^1.3.0",
      "css-loader": "^6.5.1",
      "cssnano": "^5.0.15",
      "file-loader": "^6.2.0",
      "html-loader": "^3.1.0",
      "html-webpack-plugin": "^5.5.0",
      "mini-css-extract-plugin": "^2.5.2",
      "onchange": "^7.1.0",
      "postcss": "^8.4.5",
      "postcss-cli": "^9.1.0",
      "postcss-import": "^14.0.2",
      "postcss-loader": "^6.2.1",
      "postcss-preset-env": "^7.2.3",
      "sass-loader": "^12.4.0",
      "style-loader": "^3.3.1",
      "webpack": "^5.66.0",
      "webpack-cli": "^4.9.1",
      "webpack-critical-css-inliner": "^1.2.0"
    }
  }

yarn manifest: 
  No manifest

Lockfile: 
  No lockfile
